#
# There is insufficient memory for the Java Runtime Environment to continue.
# Native memory allocation (malloc) failed to allocate 32744 bytes for ChunkPool::allocate
# Possible reasons:
#   The system is out of physical RAM or swap space
#   The process is running with CompressedOops enabled, and the Java Heap may be blocking the growth of the native heap
# Possible solutions:
#   Reduce memory load on the system
#   Increase physical memory or swap space
#   Check if swap backing store is full
#   Decrease Java heap size (-Xmx/-Xms)
#   Decrease number of Java threads
#   Decrease Java thread stack sizes (-Xss)
#   Set larger code cache with -XX:ReservedCodeCacheSize=
#   JVM is running with Unscaled Compressed Oops mode in which the Java heap is
#     placed in the first 4GB address space. The Java Heap base address is the
#     maximum limit for the native heap growth. Please use -XX:HeapBaseMinAddress
#     to set the Java Heap base and to place the Java Heap above 4GB virtual address.
# This output file may be truncated or incomplete.
#
#  Out of Memory Error (arena.cpp:78), pid=40952, tid=28208
#
# JRE version: Java(TM) SE Runtime Environment (17.0.8+9) (build 17.0.8+9-LTS-211)
# Java VM: Java HotSpot(TM) 64-Bit Server VM (17.0.8+9-LTS-211, mixed mode, sharing, tiered, compressed oops, compressed class ptrs, g1 gc, windows-amd64)
# No core dump will be written. Minidumps are not enabled by default on client versions of Windows
#

---------------  S U M M A R Y ------------

Command Line: C:\Users\a904051\AppData\Local\Temp\surefire18301789718416362213\surefirebooter13528348573961098698.jar C:\Users\a904051\AppData\Local\Temp\surefire18301789718416362213 2024-06-10T14-07-22_846-jvmRun1 surefire2604353394016318651tmp surefire_09632052751364865227tmp

Host: Intel(R) Core(TM) i5-8365U CPU @ 1.60GHz, 8 cores, 7G,  Windows 11 , 64 bit Build 22621 (10.0.22621.3527)
Time: Mon Jun 10 14:07:59 2024 Maroc (heure d64 bit Build 22621 (10.0.22621.3527) elapsed time: 34.649754 seconds (0d 0h 0m 34s)

---------------  T H R E A D  ---------------

Current thread (0x0000029b1adb05d0):  JavaThread "C1 CompilerThread0" daemon [_thread_in_native, id=28208, stack(0x000000e97ac00000,0x000000e97ad00000)]


Current CompileTask:
C1:  34649 2510       3       java.lang.invoke.InnerClassLambdaMetafactory::<init> (258 bytes)

Stack: [0x000000e97ac00000,0x000000e97ad00000]
Native frames: (J=compiled Java code, j=interpreted, Vv=VM code, C=native code)
V  [jvm.dll+0x677d0a]
V  [jvm.dll+0x7d8c54]
V  [jvm.dll+0x7da3fe]
V  [jvm.dll+0x7daa63]
V  [jvm.dll+0x245c5f]
V  [jvm.dll+0xaacc0]
V  [jvm.dll+0xab00c]
V  [jvm.dll+0x18dbc3]
V  [jvm.dll+0x13439d]
V  [jvm.dll+0x134600]
V  [jvm.dll+0x1348c8]
V  [jvm.dll+0x133d61]
V  [jvm.dll+0x135a0d]
V  [jvm.dll+0x2270be]
V  [jvm.dll+0x22535b]
V  [jvm.dll+0x78e7bc]
V  [jvm.dll+0x788bba]
V  [jvm.dll+0x676b35]
C  [ucrtbase.dll+0x29333]
C  [KERNEL32.DLL+0x1257d]
C  [ntdll.dll+0x5aa48]


---------------  P R O C E S S  ---------------

Threads class SMR info:
_java_thread_list=0x0000029b601f5cc0, length=28, elements={
0x0000029b7cdbf120, 0x0000029b1ad91aa0, 0x0000029b1ad92df0, 0x0000029b1ada9d60,
0x0000029b1adaa710, 0x0000029b1adab0c0, 0x0000029b1adade80, 0x0000029b1adaec10,
0x0000029b1adb05d0, 0x0000029b1adc3e00, 0x0000029b600c1140, 0x0000029b600c38b0,
0x0000029b60105000, 0x0000029b60172490, 0x0000029b612943f0, 0x0000029b610d4450,
0x0000029b6128ff00, 0x0000029b61291240, 0x0000029b61291be0, 0x0000029b612908a0,
0x0000029b612920b0, 0x0000029b61292f20, 0x0000029b61292a50, 0x0000029b612903d0,
0x0000029b612933f0, 0x0000029b612938c0, 0x0000029b61290d70, 0x0000029b61291710
}

Java Threads: ( => current thread )
  0x0000029b7cdbf120 JavaThread "Forwarding maximizeCurrentWindow on session 212b56cfa957f1642d093c01c48cdc9a to remote" [_thread_blocked, id=34476, stack(0x000000e979e00000,0x000000e979f00000)]
  0x0000029b1ad91aa0 JavaThread "Reference Handler" daemon [_thread_blocked, id=35852, stack(0x000000e97a500000,0x000000e97a600000)]
  0x0000029b1ad92df0 JavaThread "Finalizer" daemon [_thread_blocked, id=26792, stack(0x000000e97a600000,0x000000e97a700000)]
  0x0000029b1ada9d60 JavaThread "Signal Dispatcher" daemon [_thread_blocked, id=27308, stack(0x000000e97a700000,0x000000e97a800000)]
  0x0000029b1adaa710 JavaThread "Attach Listener" daemon [_thread_blocked, id=30964, stack(0x000000e97a800000,0x000000e97a900000)]
  0x0000029b1adab0c0 JavaThread "Service Thread" daemon [_thread_blocked, id=35004, stack(0x000000e97a900000,0x000000e97aa00000)]
  0x0000029b1adade80 JavaThread "Monitor Deflation Thread" daemon [_thread_blocked, id=30444, stack(0x000000e97aa00000,0x000000e97ab00000)]
  0x0000029b1adaec10 JavaThread "C2 CompilerThread0" daemon [_thread_blocked, id=42820, stack(0x000000e97ab00000,0x000000e97ac00000)]
=>0x0000029b1adb05d0 JavaThread "C1 CompilerThread0" daemon [_thread_in_native, id=28208, stack(0x000000e97ac00000,0x000000e97ad00000)]
  0x0000029b1adc3e00 JavaThread "Sweeper thread" daemon [_thread_blocked, id=39312, stack(0x000000e97ad00000,0x000000e97ae00000)]
  0x0000029b600c1140 JavaThread "Notification Thread" daemon [_thread_blocked, id=3796, stack(0x000000e97ae00000,0x000000e97af00000)]
  0x0000029b600c38b0 JavaThread "Common-Cleaner" daemon [_thread_blocked, id=28524, stack(0x000000e97b000000,0x000000e97b100000)]
  0x0000029b60105000 JavaThread "surefire-forkedjvm-command-thread" daemon [_thread_in_native, id=33444, stack(0x000000e97b100000,0x000000e97b200000)]
  0x0000029b60172490 JavaThread "surefire-forkedjvm-ping-30s" daemon [_thread_blocked, id=44600, stack(0x000000e97b200000,0x000000e97b300000)]
  0x0000029b612943f0 JavaThread "ForkJoinPool.commonPool-worker-1" daemon [_thread_blocked, id=4376, stack(0x000000e97bc00000,0x000000e97bd00000)]
  0x0000029b610d4450 JavaThread "AsyncHttpClient-1-1" daemon [_thread_blocked, id=41332, stack(0x000000e97bd00000,0x000000e97be00000)]
  0x0000029b6128ff00 JavaThread "UrlChecker-2" daemon [_thread_blocked, id=14436, stack(0x000000e97c200000,0x000000e97c300000)]
  0x0000029b61291240 JavaThread "AsyncHttpClient-1-2" daemon [_thread_in_native, id=34328, stack(0x000000e97c500000,0x000000e97c600000)]
  0x0000029b61291be0 JavaThread "AsyncHttpClient-1-3" daemon [_thread_in_native, id=35160, stack(0x000000e97c600000,0x000000e97c700000)]
  0x0000029b612908a0 JavaThread "AsyncHttpClient-1-4" daemon [_thread_in_native, id=11476, stack(0x000000e97c800000,0x000000e97c900000)]
  0x0000029b612920b0 JavaThread "Exec Default Executor" daemon [_thread_in_native, id=42052, stack(0x000000e97bb00000,0x000000e97bc00000)]
  0x0000029b61292f20 JavaThread "Exec Stream Pumper" daemon [_thread_in_native, id=25756, stack(0x000000e97bf00000,0x000000e97c000000)]
  0x0000029b61292a50 JavaThread "Exec Stream Pumper" daemon [_thread_in_native, id=31892, stack(0x000000e97c000000,0x000000e97c100000)]
  0x0000029b612903d0 JavaThread "Driver Service Executor" daemon [_thread_blocked, id=35700, stack(0x000000e97c100000,0x000000e97c200000)]
  0x0000029b612933f0 JavaThread "Driver Service Executor" daemon [_thread_blocked, id=41112, stack(0x000000e97c400000,0x000000e97c500000)]
  0x0000029b612938c0 JavaThread "AsyncHttpClient-1-5" daemon [_thread_in_native, id=44276, stack(0x000000e97be00000,0x000000e97bf00000)]
  0x0000029b61290d70 JavaThread "AsyncHttpClient-1-6" daemon [_thread_in_native, id=22416, stack(0x000000e97c900000,0x000000e97ca00000)]
  0x0000029b61291710 JavaThread "AsyncHttpClient-1-7" daemon [_thread_in_native, id=41400, stack(0x000000e97cb00000,0x000000e97cc00000)]

Other Threads:
  0x0000029b1ad8d870 VMThread "VM Thread" [stack: 0x000000e97a400000,0x000000e97a500000] [id=40236]
  0x0000029b600c3620 WatcherThread [stack: 0x000000e97af00000,0x000000e97b000000] [id=41740]
  0x0000029b7ce17f90 GCTaskThread "GC Thread#0" [stack: 0x000000e979f00000,0x000000e97a000000] [id=43396]
  0x0000029b606d6760 GCTaskThread "GC Thread#1" [stack: 0x000000e97b300000,0x000000e97b400000] [id=40168]
  0x0000029b60f6bcf0 GCTaskThread "GC Thread#2" [stack: 0x000000e97b400000,0x000000e97b500000] [id=3484]
  0x0000029b60be9a30 GCTaskThread "GC Thread#3" [stack: 0x000000e97b500000,0x000000e97b600000] [id=35328]
  0x0000029b60f8a8a0 GCTaskThread "GC Thread#4" [stack: 0x000000e97b600000,0x000000e97b700000] [id=29208]
  0x0000029b60f8ab50 GCTaskThread "GC Thread#5" [stack: 0x000000e97b700000,0x000000e97b800000] [id=29872]
  0x0000029b60f8ae00 GCTaskThread "GC Thread#6" [stack: 0x000000e97b800000,0x000000e97b900000] [id=38668]
  0x0000029b60f8d0c0 GCTaskThread "GC Thread#7" [stack: 0x000000e97b900000,0x000000e97ba00000] [id=14344]
  0x0000029b7ce2a6b0 ConcurrentGCThread "G1 Main Marker" [stack: 0x000000e97a000000,0x000000e97a100000] [id=41788]
  0x0000029b7ce2b0c0 ConcurrentGCThread "G1 Conc#0" [stack: 0x000000e97a100000,0x000000e97a200000] [id=30244]
  0x0000029b6139b050 ConcurrentGCThread "G1 Conc#1" [stack: 0x000000e97c700000,0x000000e97c800000] [id=13076]
  0x0000029b7ce8e170 ConcurrentGCThread "G1 Refine#0" [stack: 0x000000e97a200000,0x000000e97a300000] [id=30268]
  0x0000029b606d6a10 ConcurrentGCThread "G1 Refine#1" [stack: 0x000000e97ba00000,0x000000e97bb00000] [id=37192]
  0x0000029b7ce8ea30 ConcurrentGCThread "G1 Service" [stack: 0x000000e97a300000,0x000000e97a400000] [id=27688]

Threads with active compile tasks:
C1 CompilerThread0    34686 2510       3       java.lang.invoke.InnerClassLambdaMetafactory::<init> (258 bytes)

VM state: not at safepoint (normal execution)

VM Mutex/Monitor currently owned by a thread: None

Heap address: 0x0000000084200000, size: 1982 MB, Compressed Oops mode: 32-bit

CDS archive(s) mapped at: [0x0000029b1b000000-0x0000029b1bbd0000-0x0000029b1bbd0000), size 12386304, SharedBaseAddress: 0x0000029b1b000000, ArchiveRelocationMode: 1.
Compressed class space mapped at: 0x0000029b1c000000-0x0000029b5c000000, reserved size: 1073741824
Narrow klass base: 0x0000029b1b000000, Narrow klass shift: 0, Narrow klass range: 0x100000000

GC Precious Log:
 CPUs: 8 total, 8 available
 Memory: 7924M
 Large Page Support: Disabled
 NUMA Support: Disabled
 Compressed Oops: Enabled (32-bit)
 Heap Region Size: 1M
 Heap Min Capacity: 8M
 Heap Initial Capacity: 124M
 Heap Max Capacity: 1982M
 Pre-touch: Disabled
 Parallel Workers: 8
 Concurrent Workers: 2
 Concurrent Refinement Workers: 8
 Periodic GC: Disabled

Heap:
 garbage-first heap   total 81920K, used 40677K [0x0000000084200000, 0x0000000100000000)
  region size 1024K, 14 young (14336K), 1 survivors (1024K)
 Metaspace       used 22350K, committed 22592K, reserved 1114112K
  class space    used 2705K, committed 2816K, reserved 1048576K

Heap Regions: E=young(eden), S=young(survivor), O=old, HS=humongous(starts), HC=humongous(continues), CS=collection set, F=free, OA=open archive, CA=closed archive, TAMS=top-at-mark-start (previous, next)
|   0|0x0000000084200000, 0x0000000084300000, 0x0000000084300000|100%|HS|  |TAMS 0x0000000084300000, 0x0000000084200000| Complete 
|   1|0x0000000084300000, 0x0000000084400000, 0x0000000084400000|100%| O|  |TAMS 0x0000000084400000, 0x0000000084300000| Untracked 
|   2|0x0000000084400000, 0x0000000084500000, 0x0000000084500000|100%| O|  |TAMS 0x0000000084500000, 0x0000000084400000| Untracked 
|   3|0x0000000084500000, 0x0000000084600000, 0x0000000084600000|100%| O|  |TAMS 0x0000000084600000, 0x0000000084500000| Untracked 
|   4|0x0000000084600000, 0x0000000084700000, 0x0000000084700000|100%| O|  |TAMS 0x0000000084700000, 0x0000000084600000| Untracked 
|   5|0x0000000084700000, 0x0000000084800000, 0x0000000084800000|100%| O|  |TAMS 0x0000000084800000, 0x0000000084700000| Untracked 
|   6|0x0000000084800000, 0x0000000084900000, 0x0000000084900000|100%| O|  |TAMS 0x0000000084900000, 0x0000000084800000| Untracked 
|   7|0x0000000084900000, 0x0000000084a00000, 0x0000000084a00000|100%| O|  |TAMS 0x0000000084a00000, 0x0000000084900000| Untracked 
|   8|0x0000000084a00000, 0x0000000084b00000, 0x0000000084b00000|100%| O|  |TAMS 0x0000000084b00000, 0x0000000084a00000| Untracked 
|   9|0x0000000084b00000, 0x0000000084c00000, 0x0000000084c00000|100%| O|  |TAMS 0x0000000084c00000, 0x0000000084b00000| Untracked 
|  10|0x0000000084c00000, 0x0000000084d00000, 0x0000000084d00000|100%| O|  |TAMS 0x0000000084d00000, 0x0000000084c00000| Untracked 
|  11|0x0000000084d00000, 0x0000000084e00000, 0x0000000084e00000|100%| O|  |TAMS 0x0000000084e00000, 0x0000000084d00000| Untracked 
|  12|0x0000000084e00000, 0x0000000084f00000, 0x0000000084f00000|100%| O|  |TAMS 0x0000000084f00000, 0x0000000084e00000| Untracked 
|  13|0x0000000084f00000, 0x0000000085000000, 0x0000000085000000|100%|HS|  |TAMS 0x0000000085000000, 0x0000000084f00000| Complete 
|  14|0x0000000085000000, 0x0000000085100000, 0x0000000085100000|100%|HC|  |TAMS 0x0000000085100000, 0x0000000085000000| Complete 
|  15|0x0000000085100000, 0x0000000085200000, 0x0000000085200000|100%|HC|  |TAMS 0x0000000085200000, 0x0000000085100000| Complete 
|  16|0x0000000085200000, 0x0000000085300000, 0x0000000085300000|100%|HC|  |TAMS 0x0000000085300000, 0x0000000085200000| Complete 
|  17|0x0000000085300000, 0x0000000085400000, 0x0000000085400000|100%|HC|  |TAMS 0x0000000085400000, 0x0000000085300000| Complete 
|  18|0x0000000085400000, 0x0000000085500000, 0x0000000085500000|100%| O|  |TAMS 0x0000000085400000, 0x0000000085400000| Untracked 
|  19|0x0000000085500000, 0x0000000085600000, 0x0000000085600000|100%| O|  |TAMS 0x0000000085500000, 0x0000000085500000| Untracked 
|  20|0x0000000085600000, 0x0000000085700000, 0x0000000085700000|100%| O|  |TAMS 0x0000000085600000, 0x0000000085600000| Untracked 
|  21|0x0000000085700000, 0x00000000857b9400, 0x0000000085800000| 72%| O|  |TAMS 0x0000000085700000, 0x0000000085700000| Untracked 
|  22|0x0000000085800000, 0x0000000085900000, 0x0000000085900000|100%|HS|  |TAMS 0x0000000085800000, 0x0000000085800000| Complete 
|  23|0x0000000085900000, 0x0000000085a00000, 0x0000000085a00000|100%|HC|  |TAMS 0x0000000085900000, 0x0000000085900000| Complete 
|  24|0x0000000085a00000, 0x0000000085b00000, 0x0000000085b00000|100%|HC|  |TAMS 0x0000000085a00000, 0x0000000085a00000| Complete 
|  25|0x0000000085b00000, 0x0000000085c00000, 0x0000000085c00000|100%|HC|  |TAMS 0x0000000085b00000, 0x0000000085b00000| Complete 
|  26|0x0000000085c00000, 0x0000000085d00000, 0x0000000085d00000|100%|HC|  |TAMS 0x0000000085c00000, 0x0000000085c00000| Complete 
|  27|0x0000000085d00000, 0x0000000085d00000, 0x0000000085e00000|  0%| F|  |TAMS 0x0000000085d00000, 0x0000000085d00000| Untracked 
|  28|0x0000000085e00000, 0x0000000085e00000, 0x0000000085f00000|  0%| F|  |TAMS 0x0000000085e00000, 0x0000000085e00000| Untracked 
|  29|0x0000000085f00000, 0x0000000085f00000, 0x0000000086000000|  0%| F|  |TAMS 0x0000000085f00000, 0x0000000085f00000| Untracked 
|  30|0x0000000086000000, 0x0000000086000000, 0x0000000086100000|  0%| F|  |TAMS 0x0000000086000000, 0x0000000086000000| Untracked 
|  31|0x0000000086100000, 0x0000000086100000, 0x0000000086200000|  0%| F|  |TAMS 0x0000000086100000, 0x0000000086100000| Untracked 
|  32|0x0000000086200000, 0x0000000086200000, 0x0000000086300000|  0%| F|  |TAMS 0x0000000086200000, 0x0000000086200000| Untracked 
|  33|0x0000000086300000, 0x0000000086300000, 0x0000000086400000|  0%| F|  |TAMS 0x0000000086300000, 0x0000000086300000| Untracked 
|  34|0x0000000086400000, 0x0000000086400000, 0x0000000086500000|  0%| F|  |TAMS 0x0000000086400000, 0x0000000086400000| Untracked 
|  35|0x0000000086500000, 0x0000000086500000, 0x0000000086600000|  0%| F|  |TAMS 0x0000000086500000, 0x0000000086500000| Untracked 
|  36|0x0000000086600000, 0x0000000086600000, 0x0000000086700000|  0%| F|  |TAMS 0x0000000086600000, 0x0000000086600000| Untracked 
|  37|0x0000000086700000, 0x0000000086700000, 0x0000000086800000|  0%| F|  |TAMS 0x0000000086700000, 0x0000000086700000| Untracked 
|  38|0x0000000086800000, 0x0000000086800000, 0x0000000086900000|  0%| F|  |TAMS 0x0000000086800000, 0x0000000086800000| Untracked 
|  39|0x0000000086900000, 0x0000000086900000, 0x0000000086a00000|  0%| F|  |TAMS 0x0000000086900000, 0x0000000086900000| Untracked 
|  40|0x0000000086a00000, 0x0000000086a00000, 0x0000000086b00000|  0%| F|  |TAMS 0x0000000086a00000, 0x0000000086a00000| Untracked 
|  41|0x0000000086b00000, 0x0000000086b00000, 0x0000000086c00000|  0%| F|  |TAMS 0x0000000086b00000, 0x0000000086b00000| Untracked 
|  42|0x0000000086c00000, 0x0000000086c00000, 0x0000000086d00000|  0%| F|  |TAMS 0x0000000086c00000, 0x0000000086c00000| Untracked 
|  43|0x0000000086d00000, 0x0000000086d00000, 0x0000000086e00000|  0%| F|  |TAMS 0x0000000086d00000, 0x0000000086d00000| Untracked 
|  44|0x0000000086e00000, 0x0000000086e00000, 0x0000000086f00000|  0%| F|  |TAMS 0x0000000086e00000, 0x0000000086e00000| Untracked 
|  45|0x0000000086f00000, 0x0000000086f00000, 0x0000000087000000|  0%| F|  |TAMS 0x0000000086f00000, 0x0000000086f00000| Untracked 
|  46|0x0000000087000000, 0x0000000087000000, 0x0000000087100000|  0%| F|  |TAMS 0x0000000087000000, 0x0000000087000000| Untracked 
|  47|0x0000000087100000, 0x0000000087100000, 0x0000000087200000|  0%| F|  |TAMS 0x0000000087100000, 0x0000000087100000| Untracked 
|  48|0x0000000087200000, 0x0000000087200000, 0x0000000087300000|  0%| F|  |TAMS 0x0000000087200000, 0x0000000087200000| Untracked 
|  49|0x0000000087300000, 0x0000000087300000, 0x0000000087400000|  0%| F|  |TAMS 0x0000000087300000, 0x0000000087300000| Untracked 
|  50|0x0000000087400000, 0x0000000087400000, 0x0000000087500000|  0%| F|  |TAMS 0x0000000087400000, 0x0000000087400000| Untracked 
|  51|0x0000000087500000, 0x0000000087500000, 0x0000000087600000|  0%| F|  |TAMS 0x0000000087500000, 0x0000000087500000| Untracked 
|  52|0x0000000087600000, 0x0000000087600000, 0x0000000087700000|  0%| F|  |TAMS 0x0000000087600000, 0x0000000087600000| Untracked 
|  53|0x0000000087700000, 0x0000000087700000, 0x0000000087800000|  0%| F|  |TAMS 0x0000000087700000, 0x0000000087700000| Untracked 
|  54|0x0000000087800000, 0x0000000087800000, 0x0000000087900000|  0%| F|  |TAMS 0x0000000087800000, 0x0000000087800000| Untracked 
|  55|0x0000000087900000, 0x0000000087900000, 0x0000000087a00000|  0%| F|  |TAMS 0x0000000087900000, 0x0000000087900000| Untracked 
|  56|0x0000000087a00000, 0x0000000087a00000, 0x0000000087b00000|  0%| F|  |TAMS 0x0000000087a00000, 0x0000000087a00000| Untracked 
|  57|0x0000000087b00000, 0x0000000087b00000, 0x0000000087c00000|  0%| F|  |TAMS 0x0000000087b00000, 0x0000000087b00000| Untracked 
|  58|0x0000000087c00000, 0x0000000087c00000, 0x0000000087d00000|  0%| F|  |TAMS 0x0000000087c00000, 0x0000000087c00000| Untracked 
|  59|0x0000000087d00000, 0x0000000087d00000, 0x0000000087e00000|  0%| F|  |TAMS 0x0000000087d00000, 0x0000000087d00000| Untracked 
|  60|0x0000000087e00000, 0x0000000087e00000, 0x0000000087f00000|  0%| F|  |TAMS 0x0000000087e00000, 0x0000000087e00000| Untracked 
|  61|0x0000000087f00000, 0x0000000087f00000, 0x0000000088000000|  0%| F|  |TAMS 0x0000000087f00000, 0x0000000087f00000| Untracked 
|  62|0x0000000088000000, 0x0000000088000000, 0x0000000088100000|  0%| F|  |TAMS 0x0000000088000000, 0x0000000088000000| Untracked 
|  63|0x0000000088100000, 0x0000000088100000, 0x0000000088200000|  0%| F|  |TAMS 0x0000000088100000, 0x0000000088100000| Untracked 
|  64|0x0000000088200000, 0x0000000088200000, 0x0000000088300000|  0%| F|  |TAMS 0x0000000088200000, 0x0000000088200000| Untracked 
|  65|0x0000000088300000, 0x0000000088300000, 0x0000000088400000|  0%| F|  |TAMS 0x0000000088300000, 0x0000000088300000| Untracked 
|  66|0x0000000088400000, 0x00000000884289d8, 0x0000000088500000| 15%| E|  |TAMS 0x0000000088400000, 0x0000000088400000| Complete 
|  67|0x0000000088500000, 0x0000000088600000, 0x0000000088600000|100%| E|CS|TAMS 0x0000000088500000, 0x0000000088500000| Complete 
|  68|0x0000000088600000, 0x0000000088700000, 0x0000000088700000|100%| E|CS|TAMS 0x0000000088600000, 0x0000000088600000| Complete 
|  69|0x0000000088700000, 0x0000000088800000, 0x0000000088800000|100%| E|CS|TAMS 0x0000000088700000, 0x0000000088700000| Complete 
|  70|0x0000000088800000, 0x0000000088900000, 0x0000000088900000|100%| E|CS|TAMS 0x0000000088800000, 0x0000000088800000| Complete 
|  71|0x0000000088900000, 0x0000000088a00000, 0x0000000088a00000|100%| E|CS|TAMS 0x0000000088900000, 0x0000000088900000| Complete 
|  72|0x0000000088a00000, 0x0000000088b00000, 0x0000000088b00000|100%| E|CS|TAMS 0x0000000088a00000, 0x0000000088a00000| Complete 
|  73|0x0000000088b00000, 0x0000000088c00000, 0x0000000088c00000|100%| E|CS|TAMS 0x0000000088b00000, 0x0000000088b00000| Complete 
|  74|0x0000000088c00000, 0x0000000088d00000, 0x0000000088d00000|100%| E|CS|TAMS 0x0000000088c00000, 0x0000000088c00000| Complete 
|  75|0x0000000088d00000, 0x0000000088e00000, 0x0000000088e00000|100%| E|CS|TAMS 0x0000000088d00000, 0x0000000088d00000| Complete 
|  76|0x0000000088e00000, 0x0000000088f00000, 0x0000000088f00000|100%| E|CS|TAMS 0x0000000088e00000, 0x0000000088e00000| Complete 
|  77|0x0000000088f00000, 0x0000000089000000, 0x0000000089000000|100%| E|CS|TAMS 0x0000000088f00000, 0x0000000088f00000| Complete 
| 114|0x000000008b400000, 0x000000008b500000, 0x000000008b500000|100%| S|CS|TAMS 0x000000008b400000, 0x000000008b400000| Complete 
| 123|0x000000008bd00000, 0x000000008be00000, 0x000000008be00000|100%| E|CS|TAMS 0x000000008bd00000, 0x000000008bd00000| Complete 

Card table byte_map: [0x0000029b7d5a0000,0x0000029b7d980000] _byte_map_base: 0x0000029b7d17f000

Marking Bits (Prev, Next): (CMBitMap*) 0x0000029b7ce185e0, (CMBitMap*) 0x0000029b7ce185a0
 Prev Bits: [0x0000029b167d0000, 0x0000029b186c8000)
 Next Bits: [0x0000029b7dd60000, 0x0000029b7fc58000)

Polling page: 0x0000029b7ad80000

Metaspace:

Usage:
  Non-class:     19.18 MB used.
      Class:      2.64 MB used.
       Both:     21.83 MB used.

Virtual space:
  Non-class space:       64.00 MB reserved,      19.31 MB ( 30%) committed,  1 nodes.
      Class space:        1.00 GB reserved,       2.75 MB ( <1%) committed,  1 nodes.
             Both:        1.06 GB reserved,      22.06 MB (  2%) committed. 

Chunk freelists:
   Non-Class:  12.41 MB
       Class:  13.20 MB
        Both:  25.61 MB

MaxMetaspaceSize: unlimited
CompressedClassSpaceSize: 1.00 GB
Initial GC threshold: 21.00 MB
Current GC threshold: 35.44 MB
CDS: on
MetaspaceReclaimPolicy: balanced
 - commit_granule_bytes: 65536.
 - commit_granule_words: 8192.
 - virtual_space_node_default_size: 8388608.
 - enlarge_chunks_in_place: 1.
 - new_chunks_are_fully_committed: 0.
 - uncommit_free_chunks: 1.
 - use_allocation_guard: 0.
 - handle_deallocations: 1.


Internal statistics:

num_allocs_failed_limit: 3.
num_arena_births: 130.
num_arena_deaths: 0.
num_vsnodes_births: 2.
num_vsnodes_deaths: 0.
num_space_committed: 353.
num_space_uncommitted: 0.
num_chunks_returned_to_freelist: 3.
num_chunks_taken_from_freelist: 706.
num_chunk_merges: 3.
num_chunk_splits: 503.
num_chunks_enlarged: 409.
num_purges: 0.
num_inconsistent_stats: 0.

CodeHeap 'non-profiled nmethods': size=120000Kb used=1090Kb max_used=1090Kb free=118909Kb
 bounds [0x0000029b0f2a0000, 0x0000029b0f510000, 0x0000029b167d0000]
CodeHeap 'profiled nmethods': size=120000Kb used=4898Kb max_used=4898Kb free=115102Kb
 bounds [0x0000029b077d0000, 0x0000029b07ca0000, 0x0000029b0ed00000]
CodeHeap 'non-nmethods': size=5760Kb used=1271Kb max_used=1307Kb free=4488Kb
 bounds [0x0000029b0ed00000, 0x0000029b0ef70000, 0x0000029b0f2a0000]
 total_blobs=3093 nmethods=2508 adapters=497
 compilation: enabled
              stopped_count=0, restarted_count=0
 full_count=0

Compilation events (20 events):
Event: 25.245 Thread 0x0000029b1adb05d0 nmethod 2500 0x0000029b07c93190 code [0x0000029b07c93320, 0x0000029b07c93458]
Event: 26.349 Thread 0x0000029b1adb05d0 2501       3       java.util.concurrent.atomic.AtomicIntegerFieldUpdater$AtomicIntegerFieldUpdaterImpl::get (17 bytes)
Event: 26.350 Thread 0x0000029b1adb05d0 nmethod 2501 0x0000029b07c93510 code [0x0000029b07c936c0, 0x0000029b07c938e8]
Event: 29.546 Thread 0x0000029b1adb05d0 2502   !   3       io.netty.util.HashedWheelTimer$Worker::waitForNextTick (120 bytes)
Event: 29.547 Thread 0x0000029b1adb05d0 nmethod 2502 0x0000029b07c93a10 code [0x0000029b07c93c20, 0x0000029b07c94338]
Event: 29.653 Thread 0x0000029b1adb05d0 2503   !   3       io.netty.util.HashedWheelTimer$Worker::processCancelledTasks (57 bytes)
Event: 29.655 Thread 0x0000029b1adb05d0 nmethod 2503 0x0000029b07c94610 code [0x0000029b07c94840, 0x0000029b07c95038]
Event: 29.655 Thread 0x0000029b1adb05d0 2505       3       io.netty.util.HashedWheelTimer$HashedWheelBucket::expireTimeouts (115 bytes)
Event: 29.656 Thread 0x0000029b1adb05d0 nmethod 2505 0x0000029b07c95410 code [0x0000029b07c95700, 0x0000029b07c967a8]
Event: 29.656 Thread 0x0000029b1adb05d0 2504       3       io.netty.util.HashedWheelTimer$Worker::transferTimeoutsToBuckets (124 bytes)
Event: 29.657 Thread 0x0000029b1adb05d0 nmethod 2504 0x0000029b07c96d10 code [0x0000029b07c96f00, 0x0000029b07c97598]
Event: 29.657 Thread 0x0000029b1adb05d0 2506       1       org.slf4j.helpers.NOPLogger::isDebugEnabled (2 bytes)
Event: 29.657 Thread 0x0000029b1adb05d0 nmethod 2506 0x0000029b0f3b0390 code [0x0000029b0f3b0520, 0x0000029b0f3b05f8]
Event: 31.840 Thread 0x0000029b1adb05d0 2507       3       jdk.internal.misc.Unsafe::getAndAddLong (27 bytes)
Event: 31.841 Thread 0x0000029b1adb05d0 nmethod 2507 0x0000029b07c97890 code [0x0000029b07c97a40, 0x0000029b07c97c88]
Event: 31.934 Thread 0x0000029b1adb05d0 2508       1       java.lang.Thread::isInterrupted (5 bytes)
Event: 31.934 Thread 0x0000029b1adb05d0 nmethod 2508 0x0000029b0f3b0690 code [0x0000029b0f3b0820, 0x0000029b0f3b08f8]
Event: 34.645 Thread 0x0000029b1adb05d0 2509       3       java.lang.Module::isStaticallyExportedOrOpen (70 bytes)
Event: 34.646 Thread 0x0000029b1adb05d0 nmethod 2509 0x0000029b07c97d90 code [0x0000029b07c97fa0, 0x0000029b07c98698]
Event: 34.646 Thread 0x0000029b1adb05d0 2510       3       java.lang.invoke.InnerClassLambdaMetafactory::<init> (258 bytes)

GC Heap History (8 events):
Event: 1.958 GC heap before
{Heap before GC invocations=0 (full 0):
 garbage-first heap   total 126976K, used 24576K [0x0000000084200000, 0x0000000100000000)
  region size 1024K, 23 young (23552K), 0 survivors (0K)
 Metaspace       used 6078K, committed 6208K, reserved 1114112K
  class space    used 645K, committed 704K, reserved 1048576K
}
Event: 1.975 GC heap after
{Heap after GC invocations=1 (full 0):
 garbage-first heap   total 126976K, used 7564K [0x0000000084200000, 0x0000000100000000)
  region size 1024K, 3 young (3072K), 3 survivors (3072K)
 Metaspace       used 6078K, committed 6208K, reserved 1114112K
  class space    used 645K, committed 704K, reserved 1048576K
}
Event: 3.191 GC heap before
{Heap before GC invocations=1 (full 0):
 garbage-first heap   total 126976K, used 29068K [0x0000000084200000, 0x0000000100000000)
  region size 1024K, 25 young (25600K), 3 survivors (3072K)
 Metaspace       used 9831K, committed 9984K, reserved 1114112K
  class space    used 1028K, committed 1088K, reserved 1048576K
}
Event: 3.216 GC heap after
{Heap after GC invocations=2 (full 0):
 garbage-first heap   total 126976K, used 13312K [0x0000000084200000, 0x0000000100000000)
  region size 1024K, 4 young (4096K), 4 survivors (4096K)
 Metaspace       used 9831K, committed 9984K, reserved 1114112K
  class space    used 1028K, committed 1088K, reserved 1048576K
}
Event: 6.169 GC heap before
{Heap before GC invocations=2 (full 0):
 garbage-first heap   total 126976K, used 49152K [0x0000000084200000, 0x0000000100000000)
  region size 1024K, 39 young (39936K), 4 survivors (4096K)
 Metaspace       used 19317K, committed 19584K, reserved 1114112K
  class space    used 2258K, committed 2368K, reserved 1048576K
}
Event: 6.199 GC heap after
{Heap after GC invocations=3 (full 0):
 garbage-first heap   total 126976K, used 17095K [0x0000000084200000, 0x0000000100000000)
  region size 1024K, 4 young (4096K), 4 survivors (4096K)
 Metaspace       used 19317K, committed 19584K, reserved 1114112K
  class space    used 2258K, committed 2368K, reserved 1048576K
}
Event: 8.743 GC heap before
{Heap before GC invocations=3 (full 0):
 garbage-first heap   total 126976K, used 30407K [0x0000000084200000, 0x0000000100000000)
  region size 1024K, 13 young (13312K), 4 survivors (4096K)
 Metaspace       used 21382K, committed 21504K, reserved 1114112K
  class space    used 2570K, committed 2624K, reserved 1048576K
}
Event: 8.761 GC heap after
{Heap after GC invocations=4 (full 0):
 garbage-first heap   total 126976K, used 23269K [0x0000000084200000, 0x0000000100000000)
  region size 1024K, 1 young (1024K), 1 survivors (1024K)
 Metaspace       used 21382K, committed 21504K, reserved 1114112K
  class space    used 2570K, committed 2624K, reserved 1048576K
}

Deoptimization events (20 events):
Event: 11.365 Thread 0x0000029b7cdbf120 DEOPT PACKING pc=0x0000029b07b30e31 sp=0x000000e979efd760
Event: 11.365 Thread 0x0000029b7cdbf120 DEOPT UNPACKING pc=0x0000029b0ed52b43 sp=0x000000e979efcc50 mode 0
Event: 11.367 Thread 0x0000029b7cdbf120 DEOPT PACKING pc=0x0000029b07b30e31 sp=0x000000e979efd5b0
Event: 11.367 Thread 0x0000029b7cdbf120 DEOPT UNPACKING pc=0x0000029b0ed52b43 sp=0x000000e979efcaa0 mode 0
Event: 11.371 Thread 0x0000029b7cdbf120 DEOPT PACKING pc=0x0000029b07b30e31 sp=0x000000e979efd650
Event: 11.371 Thread 0x0000029b7cdbf120 DEOPT UNPACKING pc=0x0000029b0ed52b43 sp=0x000000e979efcb40 mode 0
Event: 11.373 Thread 0x0000029b7cdbf120 DEOPT PACKING pc=0x0000029b07b30e31 sp=0x000000e979efd580
Event: 11.373 Thread 0x0000029b7cdbf120 DEOPT UNPACKING pc=0x0000029b0ed52b43 sp=0x000000e979efca70 mode 0
Event: 11.374 Thread 0x0000029b7cdbf120 DEOPT PACKING pc=0x0000029b07b30e31 sp=0x000000e979efd3b0
Event: 11.374 Thread 0x0000029b7cdbf120 DEOPT UNPACKING pc=0x0000029b0ed52b43 sp=0x000000e979efc8a0 mode 0
Event: 11.377 Thread 0x0000029b7cdbf120 DEOPT PACKING pc=0x0000029b07b30e31 sp=0x000000e979efd3a0
Event: 11.377 Thread 0x0000029b7cdbf120 DEOPT UNPACKING pc=0x0000029b0ed52b43 sp=0x000000e979efc890 mode 0
Event: 11.382 Thread 0x0000029b7cdbf120 DEOPT PACKING pc=0x0000029b07b30e31 sp=0x000000e979efd6a0
Event: 11.382 Thread 0x0000029b7cdbf120 DEOPT UNPACKING pc=0x0000029b0ed52b43 sp=0x000000e979efcb90 mode 0
Event: 11.384 Thread 0x0000029b7cdbf120 DEOPT PACKING pc=0x0000029b07b30e31 sp=0x000000e979efd300
Event: 11.384 Thread 0x0000029b7cdbf120 DEOPT UNPACKING pc=0x0000029b0ed52b43 sp=0x000000e979efc7f0 mode 0
Event: 11.388 Thread 0x0000029b7cdbf120 DEOPT PACKING pc=0x0000029b07b30e31 sp=0x000000e979efd5e0
Event: 11.388 Thread 0x0000029b7cdbf120 DEOPT UNPACKING pc=0x0000029b0ed52b43 sp=0x000000e979efcad0 mode 0
Event: 11.390 Thread 0x0000029b7cdbf120 DEOPT PACKING pc=0x0000029b07b30e31 sp=0x000000e979efd620
Event: 11.390 Thread 0x0000029b7cdbf120 DEOPT UNPACKING pc=0x0000029b0ed52b43 sp=0x000000e979efcb10 mode 0

Classes unloaded (0 events):
No events

Classes redefined (0 events):
No events

Internal exceptions (20 events):
Event: 5.807 Thread 0x0000029b7cdbf120 Exception <a 'java/lang/NoSuchMethodError'{0x0000000089eed828}: 'void java.lang.invoke.DirectMethodHandle$Holder.invokeStatic(java.lang.Object, java.lang.Object, int)'> (0x0000000089eed828) 
thrown [s\open\src\hotspot\share\interpreter\linkResolver.cpp, line 759]
Event: 5.851 Thread 0x0000029b7cdbf120 Exception <a 'java/lang/NoSuchMethodError'{0x0000000089dd7050}: 'java.lang.Object java.lang.invoke.DirectMethodHandle$Holder.newInvokeSpecial(java.lang.Object, java.lang.Object, java.lang.Object, java.lang.Object, java.lang.Object)'> (0x0000000089dd7050) 
thrown [s\open\src\hotspot\share\interpreter\linkResolver.cpp, line 759]
Event: 5.918 Thread 0x0000029b7cdbf120 Exception <a 'java/lang/NoSuchMethodError'{0x0000000089b282b8}: 'int java.lang.invoke.DirectMethodHandle$Holder.invokeSpecialIFC(java.lang.Object, java.lang.Object, java.lang.Object)'> (0x0000000089b282b8) 
thrown [s\open\src\hotspot\share\interpreter\linkResolver.cpp, line 759]
Event: 5.958 Thread 0x0000029b7cdbf120 Exception <a 'java/lang/NoSuchMethodError'{0x0000000089bf3440}: 'void java.lang.invoke.DirectMethodHandle$Holder.invokeStatic(java.lang.Object, java.lang.Object, java.lang.Object, java.lang.Object)'> (0x0000000089bf3440) 
thrown [s\open\src\hotspot\share\interpreter\linkResolver.cpp, line 759]
Event: 8.632 Thread 0x0000029b7cdbf120 Exception <a 'java/lang/NoSuchMethodError'{0x000000008b760de0}: 'java.lang.Object java.lang.invoke.DirectMethodHandle$Holder.invokeSpecialIFC(java.lang.Object, java.lang.Object, java.lang.Object)'> (0x000000008b760de0) 
thrown [s\open\src\hotspot\share\interpreter\linkResolver.cpp, line 759]
Event: 10.881 Thread 0x0000029b7cdbf120 Exception <a 'java/lang/NoSuchMethodError'{0x0000000088c39830}: 'java.lang.Object java.lang.invoke.Invokers$Holder.invokeExact_MT(java.lang.Object, java.lang.Object, java.lang.Object, java.lang.Object, java.lang.Object, java.lang.Object)'> (0x0000000088c39830) 
thrown [s\open\src\hotspot\share\interpreter\linkResolver.cpp, line 759]
Event: 10.889 Thread 0x0000029b7cdbf120 Exception <a 'java/lang/ClassNotFoundException'{0x0000000088c54ba8}: sun/misc/SharedSecrets> (0x0000000088c54ba8) 
thrown [s\open\src\hotspot\share\classfile\systemDictionary.cpp, line 256]
Event: 10.899 Thread 0x0000029b7cdbf120 Exception <a 'java/lang/reflect/InvocationTargetException'{0x0000000088b62510}> (0x0000000088b62510) 
thrown [s\open\src\hotspot\share\runtime\reflection.cpp, line 1121]
Event: 10.921 Thread 0x0000029b7cdbf120 Exception <a 'java/lang/NoSuchMethodError'{0x0000000088bb4e30}: 'void java.lang.invoke.DirectMethodHandle$Holder.invokeVirtual(java.lang.Object, java.lang.Object)'> (0x0000000088bb4e30) 
thrown [s\open\src\hotspot\share\interpreter\linkResolver.cpp, line 759]
Event: 11.000 Thread 0x0000029b61291be0 Exception <a 'sun/net/ConnectionResetException'{0x0000000088a28b10}: Connection reset> (0x0000000088a28b10) 
thrown [s\open\src\hotspot\share\prims\jni.cpp, line 535]
Event: 11.281 Thread 0x0000029b6128ff00 Exception <a 'java/net/ConnectException'{0x0000000088a6e900}: Connection refused: no further information> (0x0000000088a6e900) 
thrown [s\open\src\hotspot\share\prims\jni.cpp, line 535]
Event: 11.281 Thread 0x0000029b6128ff00 Exception <a 'java/net/SocketException'{0x0000000088a6ec38}: Socket is not connected: shutdown> (0x0000000088a6ec38) 
thrown [s\open\src\hotspot\share\prims\jni.cpp, line 535]
Event: 11.402 Thread 0x0000029b7cdbf120 Exception <a 'java/net/SocketException'{0x00000000888bf3b8}: Socket is not connected: shutdown> (0x00000000888bf3b8) 
thrown [s\open\src\hotspot\share\prims\jni.cpp, line 535]
Event: 11.402 Thread 0x0000029b7cdbf120 Exception <a 'java/net/SocketException'{0x00000000888bfc20}: Socket is not connected: shutdown> (0x00000000888bfc20) 
thrown [s\open\src\hotspot\share\prims\jni.cpp, line 535]
Event: 11.911 Thread 0x0000029b6128ff00 Exception <a 'java/net/ConnectException'{0x0000000088a6fca0}: Connection refused: no further information> (0x0000000088a6fca0) 
thrown [s\open\src\hotspot\share\prims\jni.cpp, line 535]
Event: 11.911 Thread 0x0000029b6128ff00 Exception <a 'java/net/SocketException'{0x0000000088a6ffd8}: Socket is not connected: shutdown> (0x0000000088a6ffd8) 
thrown [s\open\src\hotspot\share\prims\jni.cpp, line 535]
Event: 11.925 Thread 0x0000029b6128ff00 Exception <a 'java/net/ConnectException'{0x0000000088a71020}: Connection refused: no further information> (0x0000000088a71020) 
thrown [s\open\src\hotspot\share\prims\jni.cpp, line 535]
Event: 11.925 Thread 0x0000029b6128ff00 Exception <a 'java/net/SocketException'{0x0000000088a71358}: Socket is not connected: shutdown> (0x0000000088a71358) 
thrown [s\open\src\hotspot\share\prims\jni.cpp, line 535]
Event: 11.957 Thread 0x0000029b6128ff00 Exception <a 'java/net/ConnectException'{0x0000000088a723a0}: Connection refused: no further information> (0x0000000088a723a0) 
thrown [s\open\src\hotspot\share\prims\jni.cpp, line 535]
Event: 11.957 Thread 0x0000029b6128ff00 Exception <a 'java/net/SocketException'{0x0000000088a726d8}: Socket is not connected: shutdown> (0x0000000088a726d8) 
thrown [s\open\src\hotspot\share\prims\jni.cpp, line 535]

VM Operations (20 events):
Event: 7.214 Executing VM operation: Cleanup
Event: 7.214 Executing VM operation: Cleanup done
Event: 8.221 Executing VM operation: Cleanup
Event: 8.221 Executing VM operation: Cleanup done
Event: 8.742 Executing VM operation: CollectForMetadataAllocation
Event: 8.762 Executing VM operation: CollectForMetadataAllocation done
Event: 8.788 Executing VM operation: G1Concurrent
Event: 8.807 Executing VM operation: G1Concurrent done
Event: 8.821 Executing VM operation: G1Concurrent
Event: 8.822 Executing VM operation: G1Concurrent done
Event: 9.830 Executing VM operation: Cleanup
Event: 9.830 Executing VM operation: Cleanup done
Event: 10.839 Executing VM operation: Cleanup
Event: 10.839 Executing VM operation: Cleanup done
Event: 11.846 Executing VM operation: Cleanup
Event: 11.847 Executing VM operation: Cleanup done
Event: 12.853 Executing VM operation: Cleanup
Event: 12.853 Executing VM operation: Cleanup done
Event: 13.859 Executing VM operation: Cleanup
Event: 13.859 Executing VM operation: Cleanup done

Events (20 events):
Event: 11.293 Thread 0x0000029b6108e190 Thread exited: 0x0000029b6108e190
Event: 11.345 Thread 0x0000029b61290d70 Thread exited: 0x0000029b61290d70
Event: 11.345 Thread 0x0000029b612903d0 Thread exited: 0x0000029b612903d0
Event: 11.345 Thread 0x0000029b61291710 Thread exited: 0x0000029b61291710
Event: 11.345 Thread 0x0000029b612920b0 Thread exited: 0x0000029b612920b0
Event: 11.410 Thread 0x0000029b612920b0 Thread added: 0x0000029b612920b0
Event: 11.411 Thread 0x0000029b616ed010 Thread added: 0x0000029b616ed010
Event: 11.882 Thread 0x0000029b61292f20 Thread added: 0x0000029b61292f20
Event: 11.882 Thread 0x0000029b61292a50 Thread added: 0x0000029b61292a50
Event: 11.909 Thread 0x0000029b612903d0 Thread added: 0x0000029b612903d0
Event: 11.909 Thread 0x0000029b612933f0 Thread added: 0x0000029b612933f0
Event: 11.966 Thread 0x0000029b616ed010 Thread exited: 0x0000029b616ed010
Event: 12.016 Thread 0x0000029b612938c0 Thread added: 0x0000029b612938c0
Event: 13.652 Thread 0x0000029b61290d70 Thread added: 0x0000029b61290d70
Event: 13.683 Thread 0x0000029b61291710 Thread added: 0x0000029b61291710
Event: 14.822 loading class java/lang/Throwable$WrappedPrintWriter
Event: 14.822 loading class java/lang/Throwable$PrintStreamOrWriter
Event: 14.822 loading class java/lang/Throwable$PrintStreamOrWriter done
Event: 14.822 loading class java/lang/Throwable$WrappedPrintWriter done
Event: 16.265 Thread 0x0000029b61292580 Thread exited: 0x0000029b61292580


Dynamic libraries:
0x00007ff691d80000 - 0x00007ff691d90000 	C:\Program Files\Java\jdk-17\bin\java.exe
0x00007fffdf050000 - 0x00007fffdf267000 	C:\Windows\SYSTEM32\ntdll.dll
0x00007fffddcc0000 - 0x00007fffddd84000 	C:\Windows\System32\KERNEL32.DLL
0x00007fffdc4b0000 - 0x00007fffdc857000 	C:\Windows\System32\KERNELBASE.dll
0x00007fffdcc60000 - 0x00007fffdcd71000 	C:\Windows\System32\ucrtbase.dll
0x00007fffd6640000 - 0x00007fffd665b000 	C:\Program Files\Java\jdk-17\bin\VCRUNTIME140.dll
0x00007fffd7250000 - 0x00007fffd7269000 	C:\Program Files\Java\jdk-17\bin\jli.dll
0x00007fffddff0000 - 0x00007fffde0a2000 	C:\Windows\System32\ADVAPI32.dll
0x00007fffdedb0000 - 0x00007fffdee57000 	C:\Windows\System32\msvcrt.dll
0x00007fffdd3c0000 - 0x00007fffdd468000 	C:\Windows\System32\sechost.dll
0x00007fffdcae0000 - 0x00007fffdcb08000 	C:\Windows\System32\bcrypt.dll
0x00007fffde170000 - 0x00007fffde285000 	C:\Windows\System32\RPCRT4.dll
0x00007fffc84f0000 - 0x00007fffc8783000 	C:\Windows\WinSxS\amd64_microsoft.windows.common-controls_6595b64144ccf1df_6.0.22621.3527_none_270e469b73872a76\COMCTL32.dll
0x00007fffdec00000 - 0x00007fffdedae000 	C:\Windows\System32\USER32.dll
0x00007fffde0b0000 - 0x00007fffde0d9000 	C:\Windows\System32\GDI32.dll
0x00007fffdcc30000 - 0x00007fffdcc56000 	C:\Windows\System32\win32u.dll
0x00007fffdcb10000 - 0x00007fffdcc29000 	C:\Windows\System32\gdi32full.dll
0x00007fffdca40000 - 0x00007fffdcada000 	C:\Windows\System32\msvcp_win.dll
0x00007fffd1190000 - 0x00007fffd119a000 	C:\Windows\SYSTEM32\VERSION.dll
0x00007fffddc80000 - 0x00007fffddcb1000 	C:\Windows\System32\IMM32.DLL
0x00007fffd7240000 - 0x00007fffd724c000 	C:\Program Files\Java\jdk-17\bin\vcruntime140_1.dll
0x00007fffba750000 - 0x00007fffba7de000 	C:\Program Files\Java\jdk-17\bin\msvcp140.dll
0x00007fff63e90000 - 0x00007fff64a6e000 	C:\Program Files\Java\jdk-17\bin\server\jvm.dll
0x00007fffddbc0000 - 0x00007fffddbc8000 	C:\Windows\System32\PSAPI.DLL
0x00007fffa2870000 - 0x00007fffa2879000 	C:\Windows\SYSTEM32\WSOCK32.dll
0x00007fffd32c0000 - 0x00007fffd32f4000 	C:\Windows\SYSTEM32\WINMM.dll
0x00007fffddad0000 - 0x00007fffddb41000 	C:\Windows\System32\WS2_32.dll
0x00007fffdb260000 - 0x00007fffdb278000 	C:\Windows\SYSTEM32\kernel.appcore.dll
0x00007fffd6e20000 - 0x00007fffd6e2a000 	C:\Program Files\Java\jdk-17\bin\jimage.dll
0x00007fffd75e0000 - 0x00007fffd7812000 	C:\Windows\SYSTEM32\DBGHELP.DLL
0x00007fffdd690000 - 0x00007fffdda18000 	C:\Windows\System32\combase.dll
0x00007fffddd90000 - 0x00007fffdde67000 	C:\Windows\System32\OLEAUT32.dll
0x00007fffbceb0000 - 0x00007fffbcee2000 	C:\Windows\SYSTEM32\dbgcore.DLL
0x00007fffdc430000 - 0x00007fffdc4a9000 	C:\Windows\System32\bcryptPrimitives.dll
0x00007fffd3ea0000 - 0x00007fffd3ec5000 	C:\Program Files\Java\jdk-17\bin\java.dll
0x00007fffb52a0000 - 0x00007fffb5377000 	C:\Program Files\Java\jdk-17\bin\jsvml.dll
0x00007fffde3a0000 - 0x00007fffdebfc000 	C:\Windows\System32\SHELL32.dll
0x00007fffd9f90000 - 0x00007fffda886000 	C:\Windows\SYSTEM32\windows.storage.dll
0x00007fffd9e50000 - 0x00007fffd9f8e000 	C:\Windows\SYSTEM32\wintypes.dll
0x00007fffddef0000 - 0x00007fffddfe5000 	C:\Windows\System32\SHCORE.dll
0x00007fffdd630000 - 0x00007fffdd68e000 	C:\Windows\System32\shlwapi.dll
0x00007fffdc2a0000 - 0x00007fffdc2c1000 	C:\Windows\SYSTEM32\profapi.dll
0x00007fffd2fa0000 - 0x00007fffd2fb9000 	C:\Program Files\Java\jdk-17\bin\net.dll
0x00007fffdb280000 - 0x00007fffdb3b6000 	C:\Windows\SYSTEM32\WINHTTP.dll
0x00007fffdb800000 - 0x00007fffdb869000 	C:\Windows\system32\mswsock.dll
0x00007fffd1350000 - 0x00007fffd1366000 	C:\Program Files\Java\jdk-17\bin\nio.dll
0x00007fffc7e60000 - 0x00007fffc7e78000 	C:\Program Files\Java\jdk-17\bin\zip.dll
0x00007fffc8f30000 - 0x00007fffc8f3a000 	C:\Program Files\Java\jdk-17\bin\management.dll
0x00007fffc8e80000 - 0x00007fffc8e8b000 	C:\Program Files\Java\jdk-17\bin\management_ext.dll
0x00007fffd6630000 - 0x00007fffd6640000 	C:\Program Files\Java\jdk-17\bin\verify.dll
0x00007fffdbb00000 - 0x00007fffdbb1b000 	C:\Windows\SYSTEM32\CRYPTSP.dll
0x00007fffdb1c0000 - 0x00007fffdb1f5000 	C:\Windows\system32\rsaenh.dll
0x00007fffdb8a0000 - 0x00007fffdb8c8000 	C:\Windows\SYSTEM32\USERENV.dll
0x00007fffdbae0000 - 0x00007fffdbaec000 	C:\Windows\SYSTEM32\CRYPTBASE.dll
0x00007fffdaae0000 - 0x00007fffdab0d000 	C:\Windows\SYSTEM32\IPHLPAPI.DLL
0x00007fffdde90000 - 0x00007fffdde99000 	C:\Windows\System32\NSI.dll
0x00007fffd5060000 - 0x00007fffd5079000 	C:\Windows\SYSTEM32\dhcpcsvc6.DLL
0x00007fffd4c60000 - 0x00007fffd4c7f000 	C:\Windows\SYSTEM32\dhcpcsvc.DLL
0x00007fffdab10000 - 0x00007fffdac08000 	C:\Windows\SYSTEM32\DNSAPI.dll
0x00007fffc8e60000 - 0x00007fffc8e6e000 	C:\Program Files\Java\jdk-17\bin\sunmscapi.dll
0x00007fffdc860000 - 0x00007fffdc9c8000 	C:\Windows\System32\CRYPT32.dll
0x00007fffdbc20000 - 0x00007fffdbc4e000 	C:\Windows\SYSTEM32\ncrypt.dll
0x00007fffdbbe0000 - 0x00007fffdbc17000 	C:\Windows\SYSTEM32\NTASN1.dll
0x00007fffc7b90000 - 0x00007fffc7b9a000 	C:\Windows\System32\rasadhlp.dll
0x00007fffd2c80000 - 0x00007fffd2d03000 	C:\Windows\System32\fwpuclnt.dll
0x00007fffd6e40000 - 0x00007fffd6e48000 	C:\Windows\system32\wshunix.dll

dbghelp: loaded successfully - version: 4.0.5 - missing functions: none
symbol engine: initialized successfully - sym options: 0x614 - pdb path: .;C:\Program Files\Java\jdk-17\bin;C:\Windows\SYSTEM32;C:\Windows\WinSxS\amd64_microsoft.windows.common-controls_6595b64144ccf1df_6.0.22621.3527_none_270e469b73872a76;C:\Program Files\Java\jdk-17\bin\server

VM Arguments:
java_command: C:\Users\a904051\AppData\Local\Temp\surefire18301789718416362213\surefirebooter13528348573961098698.jar C:\Users\a904051\AppData\Local\Temp\surefire18301789718416362213 2024-06-10T14-07-22_846-jvmRun1 surefire2604353394016318651tmp surefire_09632052751364865227tmp
java_class_path (initial): C:\Users\a904051\AppData\Local\Temp\surefire18301789718416362213\surefirebooter13528348573961098698.jar
Launcher Type: SUN_STANDARD

[Global flags]
     intx CICompilerCount                          = 4                                         {product} {ergonomic}
     uint ConcGCThreads                            = 2                                         {product} {ergonomic}
     uint G1ConcRefinementThreads                  = 8                                         {product} {ergonomic}
   size_t G1HeapRegionSize                         = 1048576                                   {product} {ergonomic}
    uintx GCDrainStackTargetSize                   = 64                                        {product} {ergonomic}
   size_t InitialHeapSize                          = 130023424                                 {product} {ergonomic}
   size_t MarkStackSize                            = 4194304                                   {product} {ergonomic}
   size_t MaxHeapSize                              = 2078277632                                {product} {ergonomic}
   size_t MaxNewSize                               = 1246756864                                {product} {ergonomic}
   size_t MinHeapDeltaBytes                        = 1048576                                   {product} {ergonomic}
   size_t MinHeapSize                              = 8388608                                   {product} {ergonomic}
    uintx NonNMethodCodeHeapSize                   = 5839372                                {pd product} {ergonomic}
    uintx NonProfiledCodeHeapSize                  = 122909434                              {pd product} {ergonomic}
    uintx ProfiledCodeHeapSize                     = 122909434                              {pd product} {ergonomic}
    uintx ReservedCodeCacheSize                    = 251658240                              {pd product} {ergonomic}
     bool SegmentedCodeCache                       = true                                      {product} {ergonomic}
   size_t SoftMaxHeapSize                          = 2078277632                             {manageable} {ergonomic}
     bool UseCompressedClassPointers               = true                           {product lp64_product} {ergonomic}
     bool UseCompressedOops                        = true                           {product lp64_product} {ergonomic}
     bool UseG1GC                                  = true                                      {product} {ergonomic}
     bool UseLargePagesIndividualAllocation        = false                                  {pd product} {ergonomic}

Logging:
Log output configuration:
 #0: stdout all=warning uptime,level,tags
 #1: stderr all=off uptime,level,tags

Environment Variables:
PATH=C:\Program Files\Common Files\Oracle\Java\javapath;C:\Windows\system32;C:\Windows;C:\Windows\System32\Wbem;C:\Windows\System32\WindowsPowerShell\v1.0\;C:\Windows\System32\OpenSSH\;C:\Program Files (x86)\Common Files\Pulse Secure\VC142.CRT\X64\;C:\Program Files (x86)\Common Files\Pulse Secure\VC142.CRT\X86\;C:\Program Files (x86)\Pulse Secure\VC142.CRT\X64\;C:\Program Files (x86)\Pulse Secure\VC142.CRT\X86\;C:\Program Files (x86)\Common Files\Pulse Secure\TNC Client Plugin\;C:\Program Files\PuTTY-CAC\;C:\Users\a904051\AppData\Local\Programs\Python\Python312\Scripts\;C:\Users\a904051\AppData\Local\Programs\Python\Python312\;C:\Users\a904051\AppData\Local\Microsoft\WindowsApps;C:\Users\a904051\AppData\Local\Programs\Git\cmd;C:\Program Files (x86)\Brackets\;C:\Program Files\JetBrains\Aqua 2024.1.1\bin;
USERNAME=a904051
OS=Windows_NT
PROCESSOR_IDENTIFIER=Intel64 Family 6 Model 142 Stepping 12, GenuineIntel



---------------  S Y S T E M  ---------------

OS:
 Windows 11 , 64 bit Build 22621 (10.0.22621.3527)
OS uptime: 12 days 1:12 hours
Hyper-V role detected

CPU: total 8 (initial active 8) (4 cores per cpu, 2 threads per core) family 6 model 142 stepping 12 microcode 0xde, cx8, cmov, fxsr, ht, mmx, 3dnowpref, sse, sse2, sse3, ssse3, sse4.1, sse4.2, popcnt, lzcnt, tsc, tscinvbit, avx, avx2, aes, erms, clmul, bmi1, bmi2, adx, fma, vzeroupper, clflush, clflushopt, hv

Memory: 4k page, system-wide physical 7924M (106M free)
TotalPageFile size 32500M (AvailPageFile size 0M)
current process WorkingSet (physical memory assigned to process): 137M, peak: 154M
current process commit charge ("private bytes"): 223M, peak: 258M

vm_info: Java HotSpot(TM) 64-Bit Server VM (17.0.8+9-LTS-211) for windows-amd64 JRE (17.0.8+9-LTS-211), built on Jun 14 2023 10:34:31 by "mach5one" with MS VC++ 17.1 (VS2022)

END.
